[debug] [2018-08-15T09:37:28.282Z] ----------------------------------------------------------------------
[debug] [2018-08-15T09:37:28.286Z] Command:       C:\Program Files\nodejs\node.exe C:\Users\bhavna\AppData\Roaming\npm\node_modules\firebase-tools\bin\firebase deploy
[debug] [2018-08-15T09:37:28.287Z] CLI Version:   4.0.2
[debug] [2018-08-15T09:37:28.287Z] Platform:      win32
[debug] [2018-08-15T09:37:28.287Z] Node Version:  v10.7.0
[debug] [2018-08-15T09:37:28.288Z] Time:          Wed Aug 15 2018 15:07:28 GMT+0530 (India Standard Time)
[debug] [2018-08-15T09:37:28.288Z] ----------------------------------------------------------------------
[debug] 
[debug] [2018-08-15T09:37:28.311Z] > command requires scopes: ["email","openid","https://www.googleapis.com/auth/cloudplatformprojects.readonly","https://www.googleapis.com/auth/firebase","https://www.googleapis.com/auth/cloud-platform"]
[debug] [2018-08-15T09:37:28.312Z] > authorizing via signed-in user
[debug] [2018-08-15T09:37:28.315Z] > refreshing access token with scopes: ["email","https://www.googleapis.com/auth/cloud-platform","https://www.googleapis.com/auth/cloudplatformprojects.readonly","https://www.googleapis.com/auth/firebase","openid"]
[debug] [2018-08-15T09:37:28.315Z] >>> HTTP REQUEST POST https://www.googleapis.com/oauth2/v3/token  
 { refresh_token: '1/YUoD4hh_Es5S9aZqCBZ2p4xgHStVDfhETkupFQBSVT0',
  client_id:
   '563584335869-fgrhgmd47bqnekij5i8b5pr03ho849e6.apps.googleusercontent.com',
  client_secret: 'j9iVZfS8kkCEFUPaAeJV0sAi',
  grant_type: 'refresh_token',
  scope:
   'email https://www.googleapis.com/auth/cloud-platform https://www.googleapis.com/auth/cloudplatformprojects.readonly https://www.googleapis.com/auth/firebase openid' } 
 Wed Aug 15 2018 15:07:28 GMT+0530 (India Standard Time)
[debug] [2018-08-15T09:37:28.881Z] <<< HTTP RESPONSE 200
[debug] [2018-08-15T09:37:28.896Z] >>> HTTP REQUEST GET https://admin.firebase.com/v1/projects/aptipediasite  
  
 Wed Aug 15 2018 15:07:28 GMT+0530 (India Standard Time)
[debug] [2018-08-15T09:37:30.820Z] <<< HTTP RESPONSE 200
[debug] [2018-08-15T09:37:30.823Z] >>> HTTP REQUEST GET https://admin.firebase.com/v1/database/aptipediasite/tokens  
  
 Wed Aug 15 2018 15:07:30 GMT+0530 (India Standard Time)
[debug] [2018-08-15T09:37:32.100Z] <<< HTTP RESPONSE 200
[info] 
[info] === Deploying to 'aptipediasite'...
[info] 
[info] i  deploying database, storage, hosting
[info] i  database: checking rules syntax...
[debug] [2018-08-15T09:37:34.566Z] >>> HTTP REQUEST PUT https://aptipediasite.firebaseio.com/.settings/rules.json?dryRun=true  
 {
  "rules": {
    ".read": true,
    ".write": true
  }
}
 
 Wed Aug 15 2018 15:07:34 GMT+0530 (India Standard Time)
[debug] [2018-08-15T09:37:36.260Z] <<< HTTP RESPONSE 200
[info] +  database: rules syntax for database aptipediasite is valid
[debug] [2018-08-15T09:37:36.266Z] >>> HTTP REQUEST GET https://appengine.googleapis.com/v1/apps/aptipediasite  
  
 Wed Aug 15 2018 15:07:36 GMT+0530 (India Standard Time)
[debug] [2018-08-15T09:37:38.763Z] <<< HTTP RESPONSE 200
[info] i  storage: checking storage.rules for compilation errors...
[debug] [2018-08-15T09:37:38.770Z] >>> HTTP REQUEST POST https://firebaserules.googleapis.com/v1/projects/aptipediasite:test  
 { source: { files: [ [Object] ] } } 
 Wed Aug 15 2018 15:07:38 GMT+0530 (India Standard Time)
[debug] [2018-08-15T09:37:39.591Z] <<< HTTP RESPONSE 200
[info] +  storage: rules file storage.rules compiled successfully
[info] i  storage: uploading rules storage.rules...
[debug] [2018-08-15T09:37:39.604Z] >>> HTTP REQUEST POST https://firebaserules.googleapis.com/v1/projects/aptipediasite/rulesets  
 { source: { files: [ [Object] ] } } 
 Wed Aug 15 2018 15:07:39 GMT+0530 (India Standard Time)
[debug] [2018-08-15T09:37:41.700Z] <<< HTTP RESPONSE 200
[debug] [2018-08-15T09:37:41.700Z] [rules] created ruleset projects/aptipediasite/rulesets/2514fae6-0961-44c9-aac7-10bf17457613
[info] i  hosting: preparing public directory for upload...
[debug] [2018-08-15T09:37:42.070Z] >>> HTTP REQUEST PUT https://deploy.firebase.com/v1/hosting/aptipediasite/uploads/-LJwweGJ69gvDxnjvA4M?fileCount=38&message=  
  
 Wed Aug 15 2018 15:07:42 GMT+0530 (India Standard Time)
[info] +  hosting: 38 files uploaded successfully
[debug] [2018-08-15T10:03:50.546Z] [hosting] deploy completed after 1568845ms
[debug] [2018-08-15T10:03:50.554Z] <<< HTTP RESPONSE 200
[debug] [2018-08-15T10:03:50.554Z] [hosting] .tgz uploaded successfully, waiting for extraction
